app/build/intermediates/proguard-rules/release/aapt_rules.txt
# view AndroidManifest.xml #generated:16
-keep class com.android.LBS.Group23_Project.MainActivity { <init>(...); }