app/build/outputs/mapping/release/seeds.txt
com.android.LBS.Group23_Project.Counts: com.android.LBS.Group23_Project.Counts[] values()
com.android.LBS.Group23_Project.Counts: com.android.LBS.Group23_Project.Counts valueOf(java.lang.String)
com.android.LBS.Group23_Project.MainActivity
com.android.LBS.Group23_Project.MainActivity: MainActivity()
com.android.LBS.Group23_Project.R$dimen: int activity_horizontal_margin
com.android.LBS.Group23_Project.R$dimen: int activity_vertical_margin
com.android.LBS.Group23_Project.R$drawable: int ic_launcher
com.android.LBS.Group23_Project.R$drawable: int title
com.android.LBS.Group23_Project.R$id: int action_settings
com.android.LBS.Group23_Project.R$id: int chars
com.android.LBS.Group23_Project.R$id: int charx
com.android.LBS.Group23_Project.R$id: int clear
com.android.LBS.Group23_Project.R$id: int cleargo
com.android.LBS.Group23_Project.R$id: int gly
com.android.LBS.Group23_Project.R$id: int print
com.android.LBS.Group23_Project.R$id: int txt0
com.android.LBS.Group23_Project.R$id: int txt1
com.android.LBS.Group23_Project.R$id: int txt2
com.android.LBS.Group23_Project.R$id: int txt3
com.android.LBS.Group23_Project.R$id: int txt4
com.android.LBS.Group23_Project.R$id: int txt5
com.android.LBS.Group23_Project.R$id: int txt6
com.android.LBS.Group23_Project.R$id: int txt7
com.android.LBS.Group23_Project.R$id: int txt8
com.android.LBS.Group23_Project.R$id: int txt9
com.android.LBS.Group23_Project.R$id: int txtb
com.android.LBS.Group23_Project.R$id: int txtdivide
com.android.LBS.Group23_Project.R$id: int txteq
com.android.LBS.Group23_Project.R$id: int txtmin
com.android.LBS.Group23_Project.R$id: int txtspl
com.android.LBS.Group23_Project.R$id: int txttakesum
com.android.LBS.Group23_Project.R$id: int txtv
com.android.LBS.Group23_Project.R$id: int txtx
com.android.LBS.Group23_Project.R$layout: int activity_main
com.android.LBS.Group23_Project.R$menu: int main
com.android.LBS.Group23_Project.R$string: int action_settings
com.android.LBS.Group23_Project.R$string: int app_name
com.android.LBS.Group23_Project.R$string: int hello_world
com.android.LBS.Group23_Project.R$style: int AppBaseTheme
com.android.LBS.Group23_Project.R$style: int AppTheme
...
android.support.v4.app.BackStackState: android.os.Parcelable$Creator CREATOR
android.support.v4.app.Fragment$SavedState: android.os.Parcelable$Creator CREATOR
android.support.v4.app.FragmentManagerState: android.os.Parcelable$Creator CREATOR
android.support.v4.app.FragmentState: android.os.Parcelable$Creator CREATOR
android.support.v4.app.FragmentTabHost: void setOnTabChangedListener(android.widget.TabHost$OnTabChangeListener)
android.support.v4.app.FragmentTabHost$SavedState: android.os.Parcelable$Creator CREATOR
android.support.v4.content.ModernAsyncTask$Status: android.support.v4.content.ModernAsyncTask$Status[] values()
android.support.v4.content.ModernAsyncTask$Status: android.support.v4.content.ModernAsyncTask$Status valueOf(java.lang.String)
android.support.v4.view.PagerTabStrip: void setTabIndicatorColor(int)
android.support.v4.view.PagerTabStrip: void setTabIndicatorColorResource(int)
android.support.v4.view.PagerTabStrip: int getTabIndicatorColor()
android.support.v4.view.PagerTabStrip: void setTextSpacing(int)
android.support.v4.view.PagerTabStrip: void setBackgroundDrawable(android.graphics.drawable.Drawable)
android.support.v4.view.PagerTabStrip: void setBackgroundColor(int)
android.support.v4.view.PagerTabStrip: void setBackgroundResource(int)
android.support.v4.view.PagerTabStrip: void setDrawFullUnderline(boolean)
android.support.v4.view.PagerTabStrip: boolean getDrawFullUnderline()
android.support.v4.view.PagerTabStrip: int getMinHeight()
android.support.v4.view.PagerTitleStrip: void setSingleLineAllCaps(android.widget.TextView)
android.support.v4.view.PagerTitleStrip: void setTextSpacing(int)
android.support.v4.view.PagerTitleStrip: int getTextSpacing()
android.support.v4.view.PagerTitleStrip: void setNonPrimaryAlpha(float)
android.support.v4.view.PagerTitleStrip: void setTextColor(int)
android.support.v4.view.PagerTitleStrip: void setGravity(int)
android.support.v4.view.PagerTitleStrip: int getMinHeight()
android.support.v4.view.ViewPager: void setScrollState(int)
android.support.v4.view.ViewPager: void setAdapter(android.support.v4.view.PagerAdapter)
android.support.v4.view.ViewPager: android.support.v4.view.PagerAdapter getAdapter()
android.support.v4.view.ViewPager: void setOnAdapterChangeListener(android.support.v4.view.ViewPager$OnAdapterChangeListener)
android.support.v4.view.ViewPager: int getClientWidth()
android.support.v4.view.ViewPager: void setCurrentItem(int)
android.support.v4.view.ViewPager: int getCurrentItem()
android.support.v4.view.ViewPager: void setOnPageChangeListener(android.support.v4.view.ViewPager$OnPageChangeListener)
android.support.v4.view.ViewPager: void setChildrenDrawingOrderEnabledCompat(boolean)
android.support.v4.view.ViewPager: int getOffscreenPageLimit()
android.support.v4.view.ViewPager: void setOffscreenPageLimit(int)
android.support.v4.view.ViewPager: void setPageMargin(int)
android.support.v4.view.ViewPager: int getPageMargin()
android.support.v4.view.ViewPager: void setPageMarginDrawable(android.graphics.drawable.Drawable)
android.support.v4.view.ViewPager: void setPageMarginDrawable(int)
android.support.v4.view.ViewPager: void setScrollingCacheEnabled(boolean)
android.support.v4.view.ViewPager$SavedState: android.os.Parcelable$Creator CREATOR
android.support.v4.widget.DrawerLayout: void setScrimColor(int)
android.support.v4.widget.DrawerLayout: void setDrawerListener(android.support.v4.widget.DrawerLayout$DrawerListener)
android.support.v4.widget.DrawerLayout: void setDrawerLockMode(int)
android.support.v4.widget.DrawerLayout$SavedState: android.os.Parcelable$Creator CREATOR