app/build/outputs/mapping/release/mapping.txt
com.android.LBS.Group23_Project.Counts -> com.android.LBS.Group23_Project.a:
    com.android.LBS.Group23_Project.Counts ADD -> a
    com.android.LBS.Group23_Project.Counts MINUS -> b
    com.android.LBS.Group23_Project.Counts MULTIPLY -> c
    com.android.LBS.Group23_Project.Counts DIVIDE -> d
    com.android.LBS.Group23_Project.Counts[] $VALUES -> e
    com.android.LBS.Group23_Project.Counts[] values() -> values
    com.android.LBS.Group23_Project.Counts valueOf(java.lang.String) -> valueOf
    void <init>(java.lang.String,int) -> <init>
    java.lang.String Values(java.lang.String,java.lang.String) -> a
    void <clinit>() -> <clinit>
com.android.LBS.Group23_Project.Counts$1 -> com.android.LBS.Group23_Project.b:
    int[] $SwitchMap$com$android$LBS$Group23_Project$Counts -> a
    void <clinit>() -> <clinit>
com.android.LBS.Group23_Project.MainActivity -> com.android.LBS.Group23_Project.MainActivity:
    android.widget.EditText print -> b
    java.lang.String fistNumber -> c
    java.lang.String secondNumber -> d
    java.lang.String num -> e
    int flg -> f
    com.android.LBS.Group23_Project.Counts take -> a
    int[] btidTake -> g
    android.widget.Button[] buttonTake -> h
    int[] btidNum -> i
    android.widget.Button[] buttons -> j
    int[] btcl -> k
    android.widget.Button[] btcls -> l
    void <init>() -> <init>
    void onCreate(android.os.Bundle) -> onCreate
    boolean onCreateOptionsMenu(android.view.Menu) -> onCreateOptionsMenu
    int access$000() -> a
    java.lang.String access$102(java.lang.String) -> a
    android.widget.EditText access$200(com.android.LBS.Group23_Project.MainActivity) -> a
    java.lang.String access$100() -> b
    java.lang.String access$302(java.lang.String) -> b
    java.lang.String access$400() -> c
    java.lang.String access$402(java.lang.String) -> c
    java.lang.String access$300() -> d
    int access$002(int) -> a
    void <clinit>() -> <clinit>
com.android.LBS.Group23_Project.MainActivity$1 -> com.android.LBS.Group23_Project.c:
    com.android.LBS.Group23_Project.MainActivity this$0 -> a
    void <init>(com.android.LBS.Group23_Project.MainActivity) -> <init>
    void onClick(android.view.View) -> onClick
com.android.LBS.Group23_Project.MainActivity$2 -> com.android.LBS.Group23_Project.d:
    com.android.LBS.Group23_Project.MainActivity this$0 -> a
    void <init>(com.android.LBS.Group23_Project.MainActivity) -> <init>
    void onClick(android.view.View) -> onClick
com.android.LBS.Group23_Project.MainActivity$3 -> com.android.LBS.Group23_Project.e:
    com.android.LBS.Group23_Project.MainActivity this$0 -> a
    void <init>(com.android.LBS.Group23_Project.MainActivity) -> <init>
    void onClick(android.view.View) -> onClick
com.android.LBS.Group23_Project.MainActivity$Compute -> com.android.LBS.Group23_Project.f:
    com.android.LBS.Group23_Project.MainActivity this$0 -> a
    void <init>(com.android.LBS.Group23_Project.MainActivity) -> <init>
    void onClick(android.view.View) -> onClick
com.android.LBS.Group23_Project.MainActivity$GetNumber -> com.android.LBS.Group23_Project.g:
    com.android.LBS.Group23_Project.MainActivity this$0 -> a
    void <init>(com.android.LBS.Group23_Project.MainActivity) -> <init>
    void onClick(android.view.View) -> onClick
com.android.LBS.Group23_Project.MainActivity$OnTake -> com.android.LBS.Group23_Project.h:
    com.android.LBS.Group23_Project.MainActivity this$0 -> a
    void <init>(com.android.LBS.Group23_Project.MainActivity) -> <init>
    void onClick(android.view.View) -> onClick